<?xml version="1.0" encoding="UTF-8" standalone="no"?>
<testsuite errors="0" failures="3" name="io.cucumber.core.plugin.JUnitFormatter" skipped="0" tests="3" time="0.453">
    <testcase classname="US06 TC02-03-04" name="_2" time="0.101">
        <failure message="The scenario has pending or undefined step(s)" type="java.lang.Exception">
            <![CDATA[Given EG Kullanici medunna.com adresine gider...............................passed
And EG Kullanici Account Menu ikonuna tiklar................................passed
And EG Kullanici sign in secenegine tiklar..................................passed
And EG Kullanici username kutusuna "DoctorEmr" girer........................passed
And EG Kullanici Password kutusuna "Asdf1!" girer...........................passed
And EG Kullanici sign in butonuna tiklar....................................passed
And EG Kullanici sag ust kosede bulunan kullanici ismine tiklar.............passed
And EG Kullanici settings secenigine tiklar.................................passed
And EG kullanici firstname kutusuna yeni "Doctor" yazar.....................undefined
And EG kullanici lastname kutusuna yeni "Emr" yazar.........................skipped
And EG kullanici email kutusuna yeni "asdf@gmail.com" yazar.................skipped
]]>
        </failure>
    </testcase>
    <testcase classname="US06 TC02-03-04" name="_3" time="0.007">
        <failure message="The scenario has pending or undefined step(s)" type="java.lang.Exception">
            <![CDATA[Given EG Kullanici medunna.com adresine gider...............................passed
And EG Kullanici Account Menu ikonuna tiklar................................passed
And EG Kullanici sign in secenegine tiklar..................................passed
And EG Kullanici username kutusuna "PatientEmr" girer.......................passed
And EG Kullanici Password kutusuna "Asdf1!" girer...........................passed
And EG Kullanici sign in butonuna tiklar....................................passed
And EG Kullanici sag ust kosede bulunan kullanici ismine tiklar.............passed
And EG Kullanici settings secenigine tiklar.................................passed
And EG kullanici firstname kutusuna yeni "Patient" yazar....................undefined
And EG kullanici lastname kutusuna yeni "Emr" yazar.........................skipped
And EG kullanici email kutusuna yeni "asdfg1@gmail.com" yazar...............skipped
]]>
        </failure>
    </testcase>
    <testcase classname="US06 TC02-03-04" name="_4" time="0.003">
        <failure message="The scenario has pending or undefined step(s)" type="java.lang.Exception">
            <![CDATA[Given EG Kullanici medunna.com adresine gider...............................passed
And EG Kullanici Account Menu ikonuna tiklar................................passed
And EG Kullanici sign in secenegine tiklar..................................passed
And EG Kullanici username kutusuna "StaffEmr" girer.........................passed
And EG Kullanici Password kutusuna "Asdf1!" girer...........................passed
And EG Kullanici sign in butonuna tiklar....................................passed
And EG Kullanici sag ust kosede bulunan kullanici ismine tiklar.............passed
And EG Kullanici settings secenigine tiklar.................................passed
And EG kullanici firstname kutusuna yeni "Staff" yazar......................undefined
And EG kullanici lastname kutusuna yeni "Emr" yazar.........................skipped
And EG kullanici email kutusuna yeni "asdfghjk@gmail.com" yazar.............skipped
]]>
        </failure>
    </testcase>
</testsuite>
